# JRE version: OpenJDK Runtime Environment AdoptOpenJDK (14.0.2+12) (build 14.0.2+12)
# Java VM: OpenJDK 64-Bit Server VM AdoptOpenJDK (14.0.2+12, mixed mode, sharing, tiered, compressed oops, g1 gc, windows-amd64)
Heap:
 garbage-first heap   total 140288K, used 108700K [0x0000000701600000, 0x0000000800000000)
  region size 1024K, 67 young (68608K), 3 survivors (3072K)
 Metaspace       used 73069K, capacity 75126K, committed 75400K, reserved 1114112K
  class space    used 9761K, capacity 10554K, committed 10624K, reserved 1048576K
GC Heap History (20 events):
Event: 13.528 GC heap after
{Heap after GC invocations=19 (full 0):
 garbage-first heap   total 55296K, used 22497K [0x0000000701600000, 0x0000000800000000)
  region size 1024K, 2 young (2048K), 2 survivors (2048K)
 Metaspace       used 35648K, capacity 36798K, committed 37072K, reserved 1081344K
  class space    used 4746K, capacity 5175K, committed 5248K, reserved 1048576K
}
Event: 13.757 GC heap before
{Heap before GC invocations=19 (full 0):
 garbage-first heap   total 55296K, used 45025K [0x0000000701600000, 0x0000000800000000)
  region size 1024K, 23 young (23552K), 2 survivors (2048K)
 Metaspace       used 37104K, capacity 38276K, committed 38480K, reserved 1083392K
  class space    used 4891K, capacity 5305K, committed 5376K, reserved 1048576K
}
Event: 13.761 GC heap after
{Heap after GC invocations=20 (full 0):
 garbage-first heap   total 55296K, used 24283K [0x0000000701600000, 0x0000000800000000)
  region size 1024K, 2 young (2048K), 2 survivors (2048K)
 Metaspace       used 37104K, capacity 38276K, committed 38480K, reserved 1083392K
  class space    used 4891K, capacity 5305K, committed 5376K, reserved 1048576K
}
Event: 13.789 GC heap before
{Heap before GC invocations=20 (full 0):
 garbage-first heap   total 55296K, used 30427K [0x0000000701600000, 0x0000000800000000)
  region size 1024K, 9 young (9216K), 2 survivors (2048K)
 Metaspace       used 37104K, capacity 38276K, committed 38480K, reserved 1083392K
  class space    used 4891K, capacity 5305K, committed 5376K, reserved 1048576K
}
Event: 13.794 GC heap after
{Heap after GC invocations=21 (full 0):
 garbage-first heap   total 55296K, used 26482K [0x0000000701600000, 0x0000000800000000)
  region size 1024K, 3 young (3072K), 3 survivors (3072K)
 Metaspace       used 37104K, capacity 38276K, committed 38480K, reserved 1083392K
  class space    used 4891K, capacity 5305K, committed 5376K, reserved 1048576K
}
Event: 13.929 GC heap before
{Heap before GC invocations=22 (full 0):
 garbage-first heap   total 60416K, used 34674K [0x0000000701600000, 0x0000000800000000)
  region size 1024K, 9 young (9216K), 3 survivors (3072K)
 Metaspace       used 37112K, capacity 38276K, committed 38480K, reserved 1083392K
  class space    used 4891K, capacity 5305K, committed 5376K, reserved 1048576K
}
Event: 13.935 GC heap after
{Heap after GC invocations=23 (full 0):
 garbage-first heap   total 60416K, used 30649K [0x0000000701600000, 0x0000000800000000)
  region size 1024K, 3 young (3072K), 3 survivors (3072K)
 Metaspace       used 37112K, capacity 38276K, committed 38480K, reserved 1083392K
  class space    used 4891K, capacity 5305K, committed 5376K, reserved 1048576K
}
Event: 14.213 GC heap before
{Heap before GC invocations=24 (full 0):
 garbage-first heap   total 61440K, used 44985K [0x0000000701600000, 0x0000000800000000)
  region size 1024K, 16 young (16384K), 3 survivors (3072K)
 Metaspace       used 37611K, capacity 38719K, committed 38992K, reserved 1083392K
  class space    used 4940K, capacity 5345K, committed 5376K, reserved 1048576K
}
Event: 14.220 GC heap after
{Heap after GC invocations=25 (full 0):
 garbage-first heap   total 161792K, used 29279K [0x0000000701600000, 0x0000000800000000)
  region size 1024K, 1 young (1024K), 1 survivors (1024K)
 Metaspace       used 37611K, capacity 38719K, committed 38992K, reserved 1083392K
  class space    used 4940K, capacity 5345K, committed 5376K, reserved 1048576K
}
Event: 15.100 GC heap before
{Heap before GC invocations=25 (full 0):
 garbage-first heap   total 161792K, used 110175K [0x0000000701600000, 0x0000000800000000)
  region size 1024K, 76 young (77824K), 1 survivors (1024K)
 Metaspace       used 39783K, capacity 41124K, committed 41168K, reserved 1085440K
  class space    used 5229K, capacity 5728K, committed 5760K, reserved 1048576K
}
Event: 15.103 GC heap after
{Heap after GC invocations=26 (full 0):
 garbage-first heap   total 161792K, used 29898K [0x0000000701600000, 0x0000000800000000)
  region size 1024K, 2 young (2048K), 2 survivors (2048K)
 Metaspace       used 39783K, capacity 41124K, committed 41168K, reserved 1085440K
  class space    used 5229K, capacity 5728K, committed 5760K, reserved 1048576K
}
Event: 20.903 GC heap before
{Heap before GC invocations=26 (full 0):
 garbage-first heap   total 161792K, used 113866K [0x0000000701600000, 0x0000000800000000)
  region size 1024K, 82 young (83968K), 2 survivors (2048K)
 Metaspace       used 50582K, capacity 52002K, committed 52176K, reserved 1093632K
  class space    used 6715K, capacity 7244K, committed 7296K, reserved 1048576K
}
Event: 20.911 GC heap after
{Heap after GC invocations=27 (full 0):
 garbage-first heap   total 161792K, used 35674K [0x0000000701600000, 0x0000000800000000)
  region size 1024K, 5 young (5120K), 5 survivors (5120K)
 Metaspace       used 50582K, capacity 52002K, committed 52176K, reserved 1093632K
  class space    used 6715K, capacity 7244K, committed 7296K, reserved 1048576K
}
Event: 22.508 GC heap before
{Heap before GC invocations=27 (full 0):
 garbage-first heap   total 161792K, used 117594K [0x0000000701600000, 0x0000000800000000)
  region size 1024K, 85 young (87040K), 5 survivors (5120K)
 Metaspace       used 60911K, capacity 62407K, committed 62672K, reserved 1103872K
  class space    used 8206K, capacity 8819K, committed 8832K, reserved 1048576K
}
Event: 22.519 GC heap after
{Heap after GC invocations=28 (full 0):
 garbage-first heap   total 161792K, used 38021K [0x0000000701600000, 0x0000000800000000)
  region size 1024K, 7 young (7168K), 7 survivors (7168K)
 Metaspace       used 60911K, capacity 62407K, committed 62672K, reserved 1103872K
  class space    used 8206K, capacity 8819K, committed 8832K, reserved 1048576K
}
Event: 22.828 GC heap before
{Heap before GC invocations=28 (full 0):
 garbage-first heap   total 161792K, used 53381K [0x0000000701600000, 0x0000000800000000)
  region size 1024K, 23 young (23552K), 7 survivors (7168K)
 Metaspace       used 62384K, capacity 64028K, committed 64136K, reserved 1103872K
  class space    used 8411K, capacity 9057K, committed 9088K, reserved 1048576K
}
Event: 22.839 GC heap after
{Heap after GC invocations=29 (full 0):
 garbage-first heap   total 161792K, used 38707K [0x0000000701600000, 0x0000000800000000)
  region size 1024K, 4 young (4096K), 4 survivors (4096K)
 Metaspace       used 62384K, capacity 64028K, committed 64136K, reserved 1103872K
  class space    used 8411K, capacity 9057K, committed 9088K, reserved 1048576K
}
Event: 27.538 GC heap before
{Heap before GC invocations=30 (full 0):
 garbage-first heap   total 140288K, used 116531K [0x0000000701600000, 0x0000000800000000)
  region size 1024K, 82 young (83968K), 4 survivors (4096K)
 Metaspace       used 69405K, capacity 71303K, committed 71432K, reserved 1110016K
  class space    used 9372K, capacity 10124K, committed 10240K, reserved 1048576K
}
Event: 27.558 GC heap after
{Heap after GC invocations=31 (full 0):
 garbage-first heap   total 140288K, used 43164K [0x0000000701600000, 0x0000000800000000)
  region size 1024K, 10 young (10240K), 10 survivors (10240K)
 Metaspace       used 69405K, capacity 71303K, committed 71432K, reserved 1110016K
  class space    used 9372K, capacity 10124K, committed 10240K, reserved 1048576K
}
Event: 3546.686 GC heap before
{Heap before GC invocations=31 (full 0):
 garbage-first heap   total 140288K, used 108700K [0x0000000701600000, 0x0000000800000000)
  region size 1024K, 74 young (75776K), 10 survivors (10240K)
 Metaspace       used 73069K, capacity 75126K, committed 75400K, reserved 1114112K
  class space    used 9761K, capacity 10554K, committed 10624K, reserved 1048576K
}

